2014-06-05 17:33:24,550 [8] INFO  NHibernate.Cfg.Environment - NHibernate 3.3.1.4000 (3.3.3.SP1)
2014-06-05 17:33:24,561 [8] INFO  NHibernate.Cfg.Environment - hibernate-configuration section not found in application configuration file
2014-06-05 17:33:24,563 [8] INFO  NHibernate.Cfg.Environment - Bytecode provider name : lcg
2014-06-05 17:33:24,565 [8] INFO  NHibernate.Cfg.Environment - Using reflection optimizer
2014-06-05 17:33:24,843 [8] DEBUG NHibernate.Cfg.Configuration - Mapping XML:
<hibernate-mapping xmlns="urn:nhibernate-mapping-2.2"><class xmlns="urn:nhibernate-mapping-2.2" name="CNISS.AutenticationDomain.Domain.ValueObjects.Rol, CNISS, Version=1.0.0.0, Culture=neutral, PublicKeyToken=null" table="`Rol`"><id name="idKey" type="System.Guid, mscorlib, Version=4.0.0.0, Culture=neutral, PublicKeyToken=b77a5c561934e089"><column name="idKey" /><generator class="guid.comb" /></id><property name="name" type="System.String, mscorlib, Version=4.0.0.0, Culture=neutral, PublicKeyToken=b77a5c561934e089"><column name="name" /></property><property name="description" type="System.String, mscorlib, Version=4.0.0.0, Culture=neutral, PublicKeyToken=b77a5c561934e089"><column name="description" /></property></class></hibernate-mapping>
2014-06-05 17:33:24,974 [8] INFO  NHibernate.Dialect.Dialect - Using dialect: NHibernate.Dialect.MsSql2012Dialect
2014-06-05 17:33:25,060 [8] INFO  NHibernate.Cfg.XmlHbmBinding.Binder - Mapping class: CNISS.AutenticationDomain.Domain.ValueObjects.Rol -> Rol
2014-06-05 17:33:25,117 [8] DEBUG NHibernate.Cfg.XmlHbmBinding.Binder - Mapped property: idKey -> idKey, type: Guid
2014-06-05 17:33:25,142 [8] DEBUG NHibernate.Cfg.XmlHbmBinding.Binder - Mapped property: name -> name, type: String
2014-06-05 17:33:25,142 [8] DEBUG NHibernate.Cfg.XmlHbmBinding.Binder - Mapped property: description -> description, type: String
2014-06-05 17:33:25,156 [8] INFO  NHibernate.Dialect.Dialect - Using dialect: NHibernate.Dialect.MsSql2012Dialect
2014-06-05 17:33:25,160 [8] INFO  NHibernate.Tool.hbm2ddl.SchemaUpdate - Running hbm2ddl schema update
2014-06-05 17:33:25,160 [8] INFO  NHibernate.Tool.hbm2ddl.SchemaUpdate - fetching database metadata
2014-06-05 17:33:25,161 [8] INFO  NHibernate.Connection.ConnectionProviderFactory - Initializing connection provider: NHibernate.Connection.DriverConnectionProvider
2014-06-05 17:33:25,161 [8] INFO  NHibernate.Connection.ConnectionProvider - Configuring ConnectionProvider
2014-06-05 17:33:25,163 [8] DEBUG NHibernate.Connection.DriverConnectionProvider - Obtaining IDbConnection from Driver
2014-06-05 17:33:25,251 [8] INFO  NHibernate.Tool.hbm2ddl.SchemaUpdate - updating schema
2014-06-05 17:33:25,256 [8] INFO  NHibernate.Cfg.Configuration - checking mappings queue
2014-06-05 17:33:25,256 [8] INFO  NHibernate.Cfg.Configuration - processing one-to-many association mappings
2014-06-05 17:33:25,256 [8] INFO  NHibernate.Cfg.Configuration - processing one-to-one association property references
2014-06-05 17:33:25,256 [8] INFO  NHibernate.Cfg.Configuration - processing foreign key constraints
2014-06-05 17:33:25,258 [8] INFO  NHibernate.Cfg.Configuration - processing filters (second pass)
2014-06-05 17:33:25,582 [8] INFO  NHibernate.Dialect.Schema.ITableMetadata - table found: ACCION_SOCIAL.dbo.Rol
2014-06-05 17:33:25,582 [8] INFO  NHibernate.Dialect.Schema.ITableMetadata - columns: idkey, name, description
2014-06-05 17:33:25,582 [8] INFO  NHibernate.Dialect.Schema.ITableMetadata - foreign keys: 
2014-06-05 17:33:25,582 [8] INFO  NHibernate.Dialect.Schema.ITableMetadata - indexes: pk__rol__3fbee7401b6ce5a8
2014-06-05 17:33:25,620 [8] INFO  NHibernate.Tool.hbm2ddl.SchemaUpdate - schema update complete
2014-06-05 17:33:25,620 [8] DEBUG NHibernate.Connection.ConnectionProvider - Closing connection
2014-06-05 17:33:25,623 [8] INFO  NHibernate.Cfg.Configuration - checking mappings queue
2014-06-05 17:33:25,624 [8] INFO  NHibernate.Cfg.Configuration - processing one-to-many association mappings
2014-06-05 17:33:25,625 [8] INFO  NHibernate.Cfg.Configuration - processing one-to-one association property references
2014-06-05 17:33:25,625 [8] INFO  NHibernate.Cfg.Configuration - processing foreign key constraints
2014-06-05 17:33:25,625 [8] INFO  NHibernate.Cfg.Configuration - processing filters (second pass)
2014-06-05 17:33:25,644 [8] INFO  NHibernate.Dialect.Dialect - Using dialect: NHibernate.Dialect.MsSql2012Dialect
2014-06-05 17:33:25,652 [8] INFO  NHibernate.Dialect.Dialect - Using dialect: NHibernate.Dialect.MsSql2012Dialect
2014-06-05 17:33:25,778 [8] INFO  NHibernate.Exceptions.SQLExceptionConverterFactory - Using dialect defined converter
2014-06-05 17:33:25,778 [8] INFO  NHibernate.Cfg.SettingsFactory - Generate SQL with comments: disabled
2014-06-05 17:33:25,778 [8] INFO  NHibernate.Connection.ConnectionProviderFactory - Initializing connection provider: NHibernate.Connection.DriverConnectionProvider
2014-06-05 17:33:25,778 [8] INFO  NHibernate.Connection.ConnectionProvider - Configuring ConnectionProvider
2014-06-05 17:33:25,780 [8] INFO  NHibernate.Cfg.SettingsFactory - Transaction factory: NHibernate.Transaction.AdoNetWithDistributedTransactionFactory
2014-06-05 17:33:25,780 [8] INFO  NHibernate.Cfg.SettingsFactory - Optimize cache for minimal puts: False
2014-06-05 17:33:25,780 [8] INFO  NHibernate.Cfg.SettingsFactory - Connection release mode: auto
2014-06-05 17:33:25,780 [8] INFO  NHibernate.Cfg.SettingsFactory - Default batch fetch size: 1
2014-06-05 17:33:25,780 [8] INFO  NHibernate.Cfg.SettingsFactory - echoing all SQL to stdout
2014-06-05 17:33:25,781 [8] INFO  NHibernate.Cfg.SettingsFactory - Statistics: disabled
2014-06-05 17:33:25,781 [8] INFO  NHibernate.Cfg.SettingsFactory - Deleted entity synthetic identifier rollback: disabled
2014-06-05 17:33:25,781 [8] INFO  NHibernate.Cfg.SettingsFactory - Query translator: NHibernate.Hql.Ast.ANTLR.ASTQueryTranslatorFactory
2014-06-05 17:33:25,785 [8] INFO  NHibernate.Cfg.SettingsFactory - Query language substitutions: {'true'='1', 'false'='0', 'yes'=''Y'', 'no'=''N''}
2014-06-05 17:33:25,786 [8] INFO  NHibernate.Cfg.SettingsFactory - cache provider: NHibernate.Cache.NoCacheProvider, NHibernate, Version=3.3.1.4000, Culture=neutral, PublicKeyToken=aa95f207798dfdb4
2014-06-05 17:33:25,786 [8] INFO  NHibernate.Cfg.SettingsFactory - Order SQL inserts for batching: enabled
2014-06-05 17:33:25,788 [8] DEBUG NHibernate.Cfg.SettingsFactory - Wrap result sets: disabled
2014-06-05 17:33:25,789 [8] INFO  NHibernate.Cfg.SettingsFactory - Batcher factory: NHibernate.AdoNet.SqlClientBatchingBatcherFactory, NHibernate, Version=3.3.1.4000, Culture=neutral, PublicKeyToken=aa95f207798dfdb4
2014-06-05 17:33:25,790 [8] INFO  NHibernate.Cfg.SettingsFactory - Default entity-mode: Poco
2014-06-05 17:33:25,790 [8] INFO  NHibernate.Cfg.SettingsFactory - Named query checking : enabled
2014-06-05 17:33:25,816 [8] INFO  NHibernate.Impl.SessionFactoryImpl - building session factory
2014-06-05 17:33:25,816 [8] DEBUG NHibernate.Impl.SessionFactoryImpl - Session factory constructed with filter configurations : {}
2014-06-05 17:33:25,817 [8] DEBUG NHibernate.Impl.SessionFactoryImpl - instantiating session factory with properties: {'use_reflection_optimizer'='True', 'connection.provider'='NHibernate.Connection.DriverConnectionProvider', 'connection.driver_class'='NHibernate.Driver.SqlClientDriver, NHibernate, Version=3.3.1.4000, Culture=neutral, PublicKeyToken=aa95f207798dfdb4', 'dialect'='NHibernate.Dialect.MsSql2012Dialect, NHibernate, Version=3.3.1.4000, Culture=neutral, PublicKeyToken=aa95f207798dfdb4', 'hibernate.dialect'='NHibernate.Dialect.MsSql2012Dialect, NHibernate, Version=3.3.1.4000, Culture=neutral, PublicKeyToken=aa95f207798dfdb4', 'show_sql'='true', 'connection.connection_string'='Server=WIN-4GUBUKEQKNL\SQLEXPRESS;Database=ACCION_SOCIAL;Trusted_Connection=Yes;'}
2014-06-05 17:33:25,819 [8] DEBUG NHibernate.Connection.DriverConnectionProvider - Obtaining IDbConnection from Driver
2014-06-05 17:33:25,821 [8] DEBUG NHibernate.Connection.ConnectionProvider - Closing connection
2014-06-05 17:33:25,925 [8] DEBUG NHibernate.Tuple.Entity.AbstractEntityTuplizer - No custom accessors found for entity: CNISS.AutenticationDomain.Domain.ValueObjects.Rol
2014-06-05 17:33:25,937 [8] DEBUG NHibernate.Tuple.Entity.AbstractEntityTuplizer - No custom accessors found for entity: CNISS.AutenticationDomain.Domain.ValueObjects.Rol
2014-06-05 17:33:25,964 [8] DEBUG NHibernate.Tuple.Entity.PocoEntityTuplizer - Create Instantiator using optimizer for:CNISS.AutenticationDomain.Domain.ValueObjects.Rol
2014-06-05 17:33:26,091 [8] DEBUG NHibernate.Persister.Entity.AbstractEntityPersister - Static SQL for entity: CNISS.AutenticationDomain.Domain.ValueObjects.Rol
2014-06-05 17:33:26,092 [8] DEBUG NHibernate.Persister.Entity.AbstractEntityPersister -  Version select: SELECT idKey FROM [Rol] WHERE idKey = ?
2014-06-05 17:33:26,092 [8] DEBUG NHibernate.Persister.Entity.AbstractEntityPersister -  Snapshot select: SELECT rol_.idKey, rol_.name as name0_, rol_.description as descript3_0_ FROM [Rol] rol_ WHERE rol_.idKey=?
2014-06-05 17:33:26,092 [8] DEBUG NHibernate.Persister.Entity.AbstractEntityPersister -  Insert 0: INSERT INTO [Rol] (name, description, idKey) VALUES (?, ?, ?)
2014-06-05 17:33:26,092 [8] DEBUG NHibernate.Persister.Entity.AbstractEntityPersister -  Update 0: UPDATE [Rol] SET name = ?, description = ? WHERE idKey = ?
2014-06-05 17:33:26,092 [8] DEBUG NHibernate.Persister.Entity.AbstractEntityPersister -  Delete 0: DELETE FROM [Rol] WHERE idKey = ?
2014-06-05 17:33:26,146 [8] DEBUG NHibernate.Loader.Entity.AbstractEntityLoader - Static select for entity CNISS.AutenticationDomain.Domain.ValueObjects.Rol: SELECT rol0_.idKey as idKey0_0_, rol0_.name as name0_0_, rol0_.description as descript3_0_0_ FROM [Rol] rol0_ WHERE rol0_.idKey=?
2014-06-05 17:33:26,146 [8] DEBUG NHibernate.Loader.Entity.AbstractEntityLoader - Static select for entity CNISS.AutenticationDomain.Domain.ValueObjects.Rol: SELECT rol0_.idKey as idKey0_0_, rol0_.name as name0_0_, rol0_.description as descript3_0_0_ FROM [Rol] rol0_ WHERE rol0_.idKey=?
2014-06-05 17:33:26,146 [8] DEBUG NHibernate.Loader.Entity.AbstractEntityLoader - Static select for entity CNISS.AutenticationDomain.Domain.ValueObjects.Rol: SELECT rol0_.idKey as idKey0_0_, rol0_.name as name0_0_, rol0_.description as descript3_0_0_ FROM [Rol] rol0_ with (updlock, rowlock) WHERE rol0_.idKey=?
2014-06-05 17:33:26,146 [8] DEBUG NHibernate.Loader.Entity.AbstractEntityLoader - Static select for entity CNISS.AutenticationDomain.Domain.ValueObjects.Rol: SELECT rol0_.idKey as idKey0_0_, rol0_.name as name0_0_, rol0_.description as descript3_0_0_ FROM [Rol] rol0_ with (updlock, rowlock, nowait) WHERE rol0_.idKey=?
2014-06-05 17:33:26,146 [8] DEBUG NHibernate.Loader.Entity.AbstractEntityLoader - Static select for entity CNISS.AutenticationDomain.Domain.ValueObjects.Rol: SELECT rol0_.idKey as idKey0_0_, rol0_.name as name0_0_, rol0_.description as descript3_0_0_ FROM [Rol] rol0_ with (updlock, rowlock) WHERE rol0_.idKey=?
2014-06-05 17:33:26,147 [8] DEBUG NHibernate.Loader.Entity.AbstractEntityLoader - Static select for action NHibernate.Engine.CascadingAction+MergeCascadingAction on entity CNISS.AutenticationDomain.Domain.ValueObjects.Rol: SELECT rol0_.idKey as idKey0_0_, rol0_.name as name0_0_, rol0_.description as descript3_0_0_ FROM [Rol] rol0_ WHERE rol0_.idKey=?
2014-06-05 17:33:26,147 [8] DEBUG NHibernate.Loader.Entity.AbstractEntityLoader - Static select for action NHibernate.Engine.CascadingAction+RefreshCascadingAction on entity CNISS.AutenticationDomain.Domain.ValueObjects.Rol: SELECT rol0_.idKey as idKey0_0_, rol0_.name as name0_0_, rol0_.description as descript3_0_0_ FROM [Rol] rol0_ WHERE rol0_.idKey=?
2014-06-05 17:33:26,148 [8] DEBUG NHibernate.Impl.SessionFactoryObjectFactory - initializing class SessionFactoryObjectFactory
2014-06-05 17:33:26,148 [8] DEBUG NHibernate.Impl.SessionFactoryObjectFactory - registered: 4d0d6b79db5f4890ae5629834f0740d8(unnamed)
2014-06-05 17:33:26,149 [8] INFO  NHibernate.Impl.SessionFactoryObjectFactory - no name configured
2014-06-05 17:33:26,149 [8] DEBUG NHibernate.Impl.SessionFactoryImpl - Instantiated session factory
2014-06-05 17:33:26,151 [8] DEBUG NHibernate.Impl.SessionFactoryImpl - Checking 0 named HQL queries
2014-06-05 17:33:26,151 [8] DEBUG NHibernate.Impl.SessionFactoryImpl - Checking 0 named SQL queries
2014-06-05 17:33:27,072 [8] DEBUG NHibernate.Impl.SessionImpl - [session-id=344a6e17-fe76-49b6-ae7e-7165f9f2fbd7] opened session at timestamp: 635375864070, for session factory: [/4d0d6b79db5f4890ae5629834f0740d8]
2014-06-05 17:33:27,077 [8] DEBUG NHibernate.Impl.SessionImpl - [session-id=344a6e17-fe76-49b6-ae7e-7165f9f2fbd7] running ISession.Dispose()
2014-06-05 17:33:27,077 [8] DEBUG NHibernate.Impl.SessionImpl - [session-id=344a6e17-fe76-49b6-ae7e-7165f9f2fbd7] executing real Dispose(True)
2014-06-05 17:33:27,079 [8] DEBUG NHibernate.Impl.SessionImpl - closing session
2014-06-05 17:33:27,079 [8] DEBUG NHibernate.AdoNet.AbstractBatcher - running BatcherImpl.Dispose(true)
2014-06-05 17:33:31,976 [9] DEBUG NHibernate.Impl.SessionImpl - [session-id=bd58e339-222e-475f-a129-00c741bed707] opened session at timestamp: 635375864119, for session factory: [/4d0d6b79db5f4890ae5629834f0740d8]
2014-06-05 17:33:32,001 [9] DEBUG NHibernate.Linq - Expression (partially evaluated): value(NHibernate.Linq.NhQueryable`1[CNISS.AutenticationDomain.Domain.ValueObjects.Rol])
2014-06-05 17:33:32,011 [9] DEBUG NHibernate.Engine.Query.QueryPlanCache - unable to locate HQL query plan in cache; generating (NHibernate.Linq.NhQueryable`1[CNISS.AutenticationDomain.Domain.ValueObjects.Rol])
2014-06-05 17:33:32,634 [9] DEBUG NHibernate.Hql.Ast.ANTLR.HqlSqlWalker - select << begin [level=1, statement=select]
2014-06-05 17:33:32,660 [9] DEBUG NHibernate.Hql.Ast.ANTLR.Tree.FromElement - FromClause{level=1} :  CNISS.AutenticationDomain.Domain.ValueObjects.Rol (<generated>_0) -> rol0_
2014-06-05 17:33:32,682 [9] DEBUG NHibernate.Hql.Ast.ANTLR.Tree.FromReferenceNode - Resolved :  <generated>_0 -> rol0_.idKey
2014-06-05 17:33:32,695 [9] DEBUG NHibernate.Hql.Ast.ANTLR.HqlSqlWalker - select : finishing up [level=1, statement=select]
2014-06-05 17:33:32,697 [9] DEBUG NHibernate.Hql.Ast.ANTLR.HqlSqlWalker - processQuery() : ( SELECT ( {select clause} rol0_.idKey ) ( FromClause{level=1} [Rol] rol0_ ) )
2014-06-05 17:33:32,734 [9] DEBUG NHibernate.Hql.Ast.ANTLR.Util.JoinProcessor - Using FROM fragment [[Rol] rol0_]
2014-06-05 17:33:32,742 [9] DEBUG NHibernate.Hql.Ast.ANTLR.HqlSqlWalker - select >> end [level=1, statement=select]
2014-06-05 17:33:32,746 [9] DEBUG NHibernate.Hql.Ast.ANTLR.ErrorCounter - throwQueryException() : no errors
2014-06-05 17:33:32,794 [9] DEBUG NHibernate.Hql.Ast.ANTLR.HqlSqlGenerator - SQL: select rol0_.idKey as idKey0_, rol0_.name as name0_, rol0_.description as descript3_0_ from [Rol] rol0_
2014-06-05 17:33:32,795 [9] DEBUG NHibernate.Hql.Ast.ANTLR.ErrorCounter - throwQueryException() : no errors
2014-06-05 17:33:32,836 [9] DEBUG NHibernate.Engine.Query.QueryPlanCache - located HQL query plan in cache (NHibernate.Linq.NhQueryable`1[CNISS.AutenticationDomain.Domain.ValueObjects.Rol])
2014-06-05 17:33:32,846 [9] DEBUG NHibernate.Engine.Query.HQLQueryPlan - find: NHibernate.Linq.NhQueryable`1[CNISS.AutenticationDomain.Domain.ValueObjects.Rol]
2014-06-05 17:33:32,848 [9] DEBUG NHibernate.Engine.QueryParameters - named parameters: {}
2014-06-05 17:33:32,873 [9] DEBUG NHibernate.AdoNet.AbstractBatcher - Opened new IDbCommand, open IDbCommands: 1
2014-06-05 17:33:32,873 [9] DEBUG NHibernate.AdoNet.AbstractBatcher - Building an IDbCommand object for the SqlString: select rol0_.idKey as idKey0_, rol0_.name as name0_, rol0_.description as descript3_0_ from [Rol] rol0_
2014-06-05 17:33:32,880 [9] INFO  NHibernate.Loader.Loader - select rol0_.idKey as idKey0_, rol0_.name as name0_, rol0_.description as descript3_0_ from [Rol] rol0_
2014-06-05 17:33:32,888 [9] DEBUG NHibernate.SQL - select rol0_.idKey as idKey0_, rol0_.name as name0_, rol0_.description as descript3_0_ from [Rol] rol0_
2014-06-05 17:33:32,890 [9] DEBUG NHibernate.Connection.DriverConnectionProvider - Obtaining IDbConnection from Driver
2014-06-05 17:33:32,926 [9] DEBUG NHibernate.AdoNet.AbstractBatcher - ExecuteReader took 34 ms
2014-06-05 17:33:32,931 [9] DEBUG NHibernate.AdoNet.AbstractBatcher - Opened IDataReader, open IDataReaders: 1
2014-06-05 17:33:32,932 [9] DEBUG NHibernate.Loader.Loader - processing result set
2014-06-05 17:33:32,933 [9] DEBUG NHibernate.Loader.Loader - result set row: 0
2014-06-05 17:33:32,935 [9] DEBUG NHibernate.Type.GuidType - returning '80aad9ff-de5f-4253-94ca-cd00705942ac' as column: idKey0_
2014-06-05 17:33:32,937 [9] DEBUG NHibernate.Loader.Loader - result row: EntityKey[CNISS.AutenticationDomain.Domain.ValueObjects.Rol#80aad9ff-de5f-4253-94ca-cd00705942ac]
2014-06-05 17:33:32,941 [9] DEBUG NHibernate.Loader.Loader - Initializing object from DataReader: [CNISS.AutenticationDomain.Domain.ValueObjects.Rol#80aad9ff-de5f-4253-94ca-cd00705942ac]
2014-06-05 17:33:32,947 [9] DEBUG NHibernate.Persister.Entity.AbstractEntityPersister - Hydrating entity: [CNISS.AutenticationDomain.Domain.ValueObjects.Rol#80aad9ff-de5f-4253-94ca-cd00705942ac]
2014-06-05 17:33:32,947 [9] DEBUG NHibernate.Type.StringType - returning 'Rol1' as column: name0_
2014-06-05 17:33:32,948 [9] DEBUG NHibernate.Type.StringType - returning 'Rol1' as column: descript3_0_
2014-06-05 17:33:32,951 [9] DEBUG NHibernate.Loader.Loader - done processing result set (1 rows)
2014-06-05 17:33:32,952 [9] DEBUG NHibernate.Driver.NHybridDataReader - running NHybridDataReader.Dispose()
2014-06-05 17:33:32,953 [9] DEBUG NHibernate.AdoNet.AbstractBatcher - Closed IDataReader, open IDataReaders :0
2014-06-05 17:33:32,954 [9] DEBUG NHibernate.AdoNet.AbstractBatcher - DataReader was closed after 62 ms
2014-06-05 17:33:32,954 [9] DEBUG NHibernate.AdoNet.AbstractBatcher - Closed IDbCommand, open IDbCommands: 0
2014-06-05 17:33:32,955 [9] DEBUG NHibernate.AdoNet.ConnectionManager - aggressively releasing database connection
2014-06-05 17:33:32,955 [9] DEBUG NHibernate.Connection.ConnectionProvider - Closing connection
2014-06-05 17:33:32,958 [9] DEBUG NHibernate.Loader.Loader - total objects hydrated: 1
2014-06-05 17:33:32,968 [9] DEBUG NHibernate.Engine.TwoPhaseLoad - resolving associations for [CNISS.AutenticationDomain.Domain.ValueObjects.Rol#80aad9ff-de5f-4253-94ca-cd00705942ac]
2014-06-05 17:33:32,977 [9] DEBUG NHibernate.Engine.TwoPhaseLoad - done materializing entity [CNISS.AutenticationDomain.Domain.ValueObjects.Rol#80aad9ff-de5f-4253-94ca-cd00705942ac]
2014-06-05 17:33:32,978 [9] DEBUG NHibernate.Engine.StatefulPersistenceContext - initializing non-lazy collections
2014-06-05 17:33:32,981 [9] DEBUG NHibernate.AdoNet.ConnectionManager - after autocommit
2014-06-05 17:33:32,981 [9] DEBUG NHibernate.Impl.SessionImpl - transaction completion
2014-06-05 17:33:32,982 [9] DEBUG NHibernate.AdoNet.ConnectionManager - aggressively releasing database connection
2014-06-05 17:33:33,019 [9] DEBUG NHibernate.Impl.SessionImpl - [session-id=bd58e339-222e-475f-a129-00c741bed707] running ISession.Dispose()
2014-06-05 17:33:33,019 [9] DEBUG NHibernate.Impl.SessionImpl - [session-id=bd58e339-222e-475f-a129-00c741bed707] executing real Dispose(True)
2014-06-05 17:33:33,019 [9] DEBUG NHibernate.Impl.SessionImpl - closing session
2014-06-05 17:33:33,019 [9] DEBUG NHibernate.AdoNet.AbstractBatcher - running BatcherImpl.Dispose(true)
